14:42:12 [App     ] Build date: Apr  9 2018, 19:28:32
14:42:12 [App     ] CPU: Intel(R) Core(TM) i7-6700K CPU @ 4.00GHz
14:42:12 [App     ] RAM: 31.21GB Physical Memory 7.63GB Virtual Memory
14:42:12 [App     ] OS: Linux 4.4.0-122-generic (x86_64)
14:42:12 [App     ] SSE & AVX compatible CPU & OS detected
14:42:12 [App     ] Command line: -i scene_dense_mesh.mvs -o scene_dense_mesh_refined -w /home/hpc/StructureFromMotion/OpenMVG_OpenMVS/Comparing/image/carpet/vertical/left/../output/OpenMVS
14:42:12 [App     ] Scene loaded (187ms):
	42 images (42 calibrated) with a total of 83.06 MPixels (1.98 MPixels/image)
	0 points, 283714 vertices, 567356 faces
14:42:24 [App     ] Cleaned mesh: 28402 vertices, 56724 faces (5s832ms)
14:42:24 [App     ] Cleaned mesh: 28402 vertices, 56724 faces (83ms)
14:42:25 [App     ] warning: ignoring the following facet(s) violating the manifold constraint: 21813 24599 56721 56722
14:42:27 [App     ] Cleaned mesh: 23374 vertices, 46543 faces (88ms)
14:42:27 [App     ] Mesh subdivided: 28402/56724 -> 23374/46543 vertices/faces
14:42:29 [App     ] 	 1. f: 9.77391 (4.1815e-04)	g: 0.25345 (1.0843e-05 - 1.1634e-03)	s: 0.500	v:     0
14:42:30 [App     ] 	 2. f: 9.60334 (4.1086e-04)	g: 0.21369 (9.1423e-06 - 1.0029e-03)	s: 0.490	v:     0
14:42:32 [App     ] 	 3. f: 9.51243 (4.0697e-04)	g: 0.18864 (8.0703e-06 - 8.8247e-04)	s: 0.480	v:     0
14:42:33 [App     ] 	 4. f: 9.44459 (4.0406e-04)	g: 0.16820 (7.1962e-06 - 7.8574e-04)	s: 0.471	v:     0
14:42:35 [App     ] 	 5. f: 9.37614 (4.0114e-04)	g: 0.15070 (6.4472e-06 - 7.0681e-04)	s: 0.461	v:     0
14:42:36 [App     ] 	 6. f: 9.33131 (3.9922e-04)	g: 0.13661 (5.8445e-06 - 6.4192e-04)	s: 0.452	v:     0
14:42:38 [App     ] 	 7. f: 9.29092 (3.9749e-04)	g: 0.12495 (5.3457e-06 - 5.8891e-04)	s: 0.443	v:     0
14:42:40 [App     ] 	 8. f: 9.25535 (3.9597e-04)	g: 0.11448 (4.8977e-06 - 5.4405e-04)	s: 0.434	v:     0
14:42:41 [App     ] 	 9. f: 9.22714 (3.9476e-04)	g: 0.10591 (4.5312e-06 - 5.0619e-04)	s: 0.425	v:     0
14:42:43 [App     ] 	10. f: 9.20507 (3.9382e-04)	g: 0.09894 (4.2329e-06 - 4.7467e-04)	s: 0.417	v:     0
14:42:44 [App     ] 	11. f: 9.17906 (3.9270e-04)	g: 0.09250 (3.9573e-06 - 4.4753e-04)	s: 0.409	v:     0
14:42:46 [App     ] 	12. f: 9.16112 (3.9194e-04)	g: 0.08750 (3.7436e-06 - 4.2487e-04)	s: 0.400	v:     0
14:42:47 [App     ] 	13. f: 9.13613 (3.9087e-04)	g: 0.08209 (3.5120e-06 - 4.0374e-04)	s: 0.392	v:     0
14:42:49 [App     ] 	14. f: 9.12491 (3.9039e-04)	g: 0.07779 (3.3279e-06 - 3.8583e-04)	s: 0.385	v:     0
14:42:50 [App     ] 	15. f: 9.11476 (3.8995e-04)	g: 0.07423 (3.1756e-06 - 3.7003e-04)	s: 0.377	v:     0
14:42:52 [App     ] 	16. f: 9.10585 (3.8957e-04)	g: 0.07155 (3.0610e-06 - 3.5667e-04)	s: 0.369	v:     0
14:42:53 [App     ] 	17. f: 9.09614 (3.8916e-04)	g: 0.07104 (3.0392e-06 - 3.4414e-04)	s: 0.362	v:     0
14:42:55 [App     ] 	18. f: 9.09656 (3.8917e-04)	g: 0.06763 (2.8933e-06 - 3.3326e-04)	s: 0.355	v:     0
14:42:56 [App     ] 	19. f: 9.09723 (3.8920e-04)	g: 0.06636 (2.8391e-06 - 3.2373e-04)	s: 0.348	v:     0
14:42:58 [App     ] 	20. f: 9.09634 (3.8916e-04)	g: 0.06457 (2.7624e-06 - 3.1465e-04)	s: 0.341	v:     0
14:42:59 [App     ] 	21. f: 9.09855 (3.8926e-04)	g: 0.06121 (2.6188e-06 - 3.0581e-04)	s: 0.334	v:     0
14:43:01 [App     ] 	22. f: 9.10089 (3.8936e-04)	g: 0.05954 (2.5472e-06 - 2.9804e-04)	s: 0.327	v:     0
14:43:02 [App     ] 	23. f: 9.10105 (3.8937e-04)	g: 0.05712 (2.4439e-06 - 2.9049e-04)	s: 0.321	v:     0
14:43:04 [App     ] 	24. f: 9.10258 (3.8943e-04)	g: 0.05567 (2.3816e-06 - 2.8404e-04)	s: 0.314	v:     0
14:43:05 [App     ] 	25. f: 9.09829 (3.8925e-04)	g: 0.05460 (2.3358e-06 - 2.7810e-04)	s: 0.308	v:     0
14:43:07 [App     ] 	26. f: 9.09313 (3.8903e-04)	g: 0.05314 (2.2736e-06 - 2.7272e-04)	s: 0.302	v:     0
14:43:08 [App     ] 	27. f: 9.08715 (3.8877e-04)	g: 0.05197 (2.2236e-06 - 2.6725e-04)	s: 0.296	v:     0
14:43:10 [App     ] 	28. f: 9.08340 (3.8861e-04)	g: 0.05098 (2.1811e-06 - 2.6246e-04)	s: 0.290	v:     0
14:43:11 [App     ] 	29. f: 9.08055 (3.8849e-04)	g: 0.05009 (2.1430e-06 - 2.5804e-04)	s: 0.284	v:     0
14:43:13 [App     ] 	30. f: 9.07498 (3.8825e-04)	g: 0.04922 (2.1058e-06 - 2.5388e-04)	s: 0.278	v:     0
14:43:14 [App     ] 	31. f: 9.07232 (3.8814e-04)	g: 0.04845 (2.0727e-06 - 2.4998e-04)	s: 0.273	v:     0
14:43:16 [App     ] 	32. f: 9.06879 (3.8799e-04)	g: 0.04781 (2.0454e-06 - 2.4641e-04)	s: 0.267	v:     0
14:43:17 [App     ] 	33. f: 9.06545 (3.8784e-04)	g: 0.04065 (1.7392e-06 - 2.0774e-04)	s: 0.262	v:     0
14:43:19 [App     ] 	34. f: 9.06362 (3.8777e-04)	g: 0.04002 (1.7123e-06 - 2.0449e-04)	s: 0.257	v:     0
14:43:20 [App     ] 	35. f: 9.06147 (3.8767e-04)	g: 0.03940 (1.6855e-06 - 2.0140e-04)	s: 0.252	v:     0
14:43:22 [App     ] 	36. f: 9.05840 (3.8754e-04)	g: 0.03877 (1.6585e-06 - 1.9861e-04)	s: 0.247	v:     0
14:43:23 [App     ] 	37. f: 9.05665 (3.8747e-04)	g: 0.03833 (1.6397e-06 - 1.9622e-04)	s: 0.242	v:     0
14:43:25 [App     ] 	38. f: 9.05372 (3.8734e-04)	g: 0.03782 (1.6179e-06 - 1.9386e-04)	s: 0.237	v:     0
14:43:26 [App     ] 	39. f: 9.05188 (3.8726e-04)	g: 0.03728 (1.5951e-06 - 1.9148e-04)	s: 0.232	v:     0
14:43:28 [App     ] 	40. f: 9.05163 (3.8725e-04)	g: 0.03681 (1.5747e-06 - 1.8911e-04)	s: 0.227	v:     0
14:43:29 [App     ] 	41. f: 9.05001 (3.8718e-04)	g: 0.03632 (1.5539e-06 - 1.8701e-04)	s: 0.223	v:     0
14:43:31 [App     ] 	42. f: 9.04836 (3.8711e-04)	g: 0.03589 (1.5354e-06 - 1.8489e-04)	s: 0.218	v:     0
14:43:32 [App     ] 	43. f: 9.04945 (3.8716e-04)	g: 0.03555 (1.5209e-06 - 1.8311e-04)	s: 0.214	v:     0
14:43:34 [App     ] 	44. f: 9.04835 (3.8711e-04)	g: 0.03520 (1.5058e-06 - 1.8134e-04)	s: 0.210	v:     0
14:43:35 [App     ] 	45. f: 9.04702 (3.8705e-04)	g: 0.03496 (1.4955e-06 - 1.7968e-04)	s: 0.206	v:     0
14:43:36 [App     ] Mesh subdivided: 23374/46543 -> 32947/65613 vertices/faces
14:43:41 [App     ] 	 1. f: 9.89781 (3.0042e-04)	g: 0.14428 (4.3793e-06 - 5.3646e-04)	s: 0.500	v:     0
14:43:47 [App     ] 	 2. f: 9.77678 (2.9674e-04)	g: 0.12442 (3.7765e-06 - 4.6495e-04)	s: 0.490	v:     0
14:43:52 [App     ] 	 3. f: 9.69149 (2.9415e-04)	g: 0.10453 (3.1725e-06 - 4.1162e-04)	s: 0.480	v:     0
14:43:57 [App     ] 	 4. f: 9.62701 (2.9220e-04)	g: 0.09235 (2.8030e-06 - 3.6955e-04)	s: 0.471	v:     0
14:44:03 [App     ] 	 5. f: 9.57565 (2.9064e-04)	g: 0.08251 (2.5045e-06 - 3.3514e-04)	s: 0.461	v:     0
14:44:08 [App     ] 	 6. f: 9.53282 (2.8934e-04)	g: 0.07446 (2.2599e-06 - 3.0667e-04)	s: 0.452	v:     0
14:44:13 [App     ] 	 7. f: 9.49910 (2.8831e-04)	g: 0.06766 (2.0537e-06 - 2.8280e-04)	s: 0.443	v:     0
14:44:19 [App     ] 	 8. f: 9.47079 (2.8746e-04)	g: 0.06191 (1.8790e-06 - 2.6259e-04)	s: 0.434	v:     0
14:44:24 [App     ] 	 9. f: 9.44462 (2.8666e-04)	g: 0.05732 (1.7398e-06 - 2.4553e-04)	s: 0.425	v:     0
14:44:29 [App     ] 	10. f: 9.42332 (2.8601e-04)	g: 0.05359 (1.6265e-06 - 2.3094e-04)	s: 0.417	v:     0
14:44:34 [App     ] 	11. f: 9.40513 (2.8546e-04)	g: 0.05049 (1.5324e-06 - 2.1843e-04)	s: 0.409	v:     0
14:44:40 [App     ] 	12. f: 9.38921 (2.8498e-04)	g: 0.04794 (1.4551e-06 - 2.0779e-04)	s: 0.400	v:     0
14:44:45 [App     ] 	13. f: 9.37554 (2.8456e-04)	g: 0.04557 (1.3833e-06 - 1.9822e-04)	s: 0.392	v:     0
14:44:50 [App     ] 	14. f: 9.36288 (2.8418e-04)	g: 0.04369 (1.3262e-06 - 1.8995e-04)	s: 0.385	v:     0
14:44:56 [App     ] 	15. f: 9.35266 (2.8387e-04)	g: 0.04194 (1.2730e-06 - 1.8268e-04)	s: 0.377	v:     0
14:45:01 [App     ] 	16. f: 9.34303 (2.8358e-04)	g: 0.04036 (1.2250e-06 - 1.7613e-04)	s: 0.369	v:     0
14:45:06 [App     ] 	17. f: 9.33520 (2.8334e-04)	g: 0.03407 (1.0340e-06 - 1.4777e-04)	s: 0.362	v:     0
14:45:12 [App     ] 	18. f: 9.32829 (2.8313e-04)	g: 0.03283 (9.9638e-07 - 1.4271e-04)	s: 0.355	v:     0
14:45:17 [App     ] 	19. f: 9.32215 (2.8294e-04)	g: 0.03178 (9.6444e-07 - 1.3823e-04)	s: 0.348	v:     0
14:45:22 [App     ] 	20. f: 9.31613 (2.8276e-04)	g: 0.03092 (9.3859e-07 - 1.3427e-04)	s: 0.341	v:     0
14:45:28 [App     ] 	21. f: 9.31156 (2.8262e-04)	g: 0.03020 (9.1669e-07 - 1.3069e-04)	s: 0.334	v:     0
14:45:33 [App     ] 	22. f: 9.30624 (2.8246e-04)	g: 0.02931 (8.8961e-07 - 1.2736e-04)	s: 0.327	v:     0
14:45:35 [App     ] Mesh subdivided: 32947/65613 -> 99882/199187 vertices/faces
14:45:56 [App     ] 	 1. f: 11.15050 (1.1164e-04)	g: 0.19907 (1.9930e-06 - 4.3603e-04)	s: 0.500	v:     0
14:46:18 [App     ] 	 2. f: 10.90087 (1.0914e-04)	g: 0.17046 (1.7066e-06 - 3.7448e-04)	s: 0.490	v:     0
14:46:39 [App     ] 	 3. f: 10.70137 (1.0714e-04)	g: 0.14779 (1.4796e-06 - 3.2504e-04)	s: 0.480	v:     0
14:47:01 [App     ] 	 4. f: 10.53966 (1.0552e-04)	g: 0.12920 (1.2935e-06 - 2.8452e-04)	s: 0.471	v:     0
14:47:23 [App     ] 	 5. f: 10.40796 (1.0420e-04)	g: 0.11377 (1.1391e-06 - 2.5092e-04)	s: 0.461	v:     0
14:47:44 [App     ] 	 6. f: 10.30008 (1.0312e-04)	g: 0.10095 (1.0107e-06 - 2.2293e-04)	s: 0.452	v:     0
14:48:06 [App     ] 	 7. f: 10.21126 (1.0223e-04)	g: 0.09020 (9.0311e-07 - 1.9941e-04)	s: 0.443	v:     0
14:48:27 [App     ] 	 8. f: 10.13782 (1.0150e-04)	g: 0.08249 (8.2586e-07 - 1.7978e-04)	s: 0.434	v:     0
14:48:49 [App     ] 	 9. f: 10.07710 (1.0089e-04)	g: 0.07359 (7.3680e-07 - 1.6283e-04)	s: 0.425	v:     0
14:49:10 [App     ] 	10. f: 10.02661 (1.0038e-04)	g: 0.06719 (6.7273e-07 - 1.4855e-04)	s: 0.417	v:     0
14:49:32 [App     ] 	11. f: 9.98448 (9.9963e-05)	g: 0.06179 (6.1867e-07 - 1.3635e-04)	s: 0.409	v:     0
14:49:53 [App     ] 	12. f: 9.94872 (9.9605e-05)	g: 0.05476 (5.4824e-07 - 1.2102e-04)	s: 0.400	v:     0
14:50:15 [App     ] 	13. f: 9.91898 (9.9307e-05)	g: 0.05068 (5.0744e-07 - 1.1185e-04)	s: 0.392	v:     0
14:50:36 [App     ] 	14. f: 9.89360 (9.9053e-05)	g: 0.04729 (4.7345e-07 - 1.0393e-04)	s: 0.385	v:     0
14:50:58 [App     ] 	15. f: 9.87178 (9.8834e-05)	g: 0.04905 (4.9105e-07 - 9.7261e-05)	s: 0.377	v:     0
14:50:58 [App     ] Mesh refinement completed: 99882 vertices, 199187 faces (8m45s977ms)
14:50:58 [App     ] Scene saved (113ms):
	42 images (42 calibrated)
	0 points, 99882 vertices, 199187 faces
14:50:58 [App     ] Mesh saved: 99882 vertices, 199187 faces (25ms)
14:50:58 [App     ] MEMORYINFO: {
14:50:58 [App     ] 	VmPeak:	 4486628 kB
14:50:58 [App     ] 	VmSize:	 3240112 kB
14:50:58 [App     ] } ENDINFO
