12:36:38 [App     ] Build date: Apr  9 2018, 19:28:32
12:36:38 [App     ] CPU: Intel(R) Core(TM) i7-6700K CPU @ 4.00GHz
12:36:38 [App     ] RAM: 31.21GB Physical Memory 7.63GB Virtual Memory
12:36:38 [App     ] OS: Linux 4.4.0-122-generic (x86_64)
12:36:38 [App     ] SSE & AVX compatible CPU & OS detected
12:36:38 [App     ] Command line: -i scene_dense_mesh.mvs -o scene_dense_mesh_refined -w /home/hpc/StructureFromMotion/OpenMVG_OpenMVS/Comparing/image/carpet/vertical/left/../output/OpenMVS
12:36:39 [App     ] Scene loaded (202ms):
	42 images (42 calibrated) with a total of 83.06 MPixels (1.98 MPixels/image)
	0 points, 305528 vertices, 610943 faces
12:36:51 [App     ] Cleaned mesh: 30617 vertices, 61086 faces (6s532ms)
12:36:52 [App     ] Cleaned mesh: 30617 vertices, 61086 faces (94ms)
12:36:56 [App     ] Cleaned mesh: 25099 vertices, 49925 faces (74ms)
12:36:56 [App     ] Mesh subdivided: 30617/61086 -> 25099/49925 vertices/faces
12:36:57 [App     ] 	 1. f: 46.21465 (1.8413e-03)	g: 0.55695 (2.2190e-05 - 2.4903e-03)	s: 0.500	v:     0
12:36:59 [App     ] 	 2. f: 45.58256 (1.8161e-03)	g: 0.48044 (1.9142e-05 - 2.1574e-03)	s: 0.490	v:     0
12:37:01 [App     ] 	 3. f: 45.43827 (1.8104e-03)	g: 0.43231 (1.7224e-05 - 1.9027e-03)	s: 0.480	v:     0
12:37:02 [App     ] 	 4. f: 45.35981 (1.8072e-03)	g: 0.39181 (1.5610e-05 - 1.6952e-03)	s: 0.471	v:     0
12:37:04 [App     ] 	 5. f: 45.27086 (1.8037e-03)	g: 0.35951 (1.4324e-05 - 1.5260e-03)	s: 0.461	v:     0
12:37:06 [App     ] 	 6. f: 45.17348 (1.7998e-03)	g: 0.32354 (1.2891e-05 - 1.3848e-03)	s: 0.452	v:     0
12:37:07 [App     ] 	 7. f: 44.99146 (1.7926e-03)	g: 0.29197 (1.1633e-05 - 1.2676e-03)	s: 0.443	v:     0
12:37:09 [App     ] 	 8. f: 44.89320 (1.7886e-03)	g: 0.27489 (1.0952e-05 - 1.1731e-03)	s: 0.434	v:     0
12:37:11 [App     ] 	 9. f: 44.88444 (1.7883e-03)	g: 0.26247 (1.0457e-05 - 1.0952e-03)	s: 0.425	v:     0
12:37:12 [App     ] 	10. f: 44.84383 (1.7867e-03)	g: 0.24447 (9.7404e-06 - 1.0266e-03)	s: 0.417	v:     0
12:37:14 [App     ] 	11. f: 44.76577 (1.7836e-03)	g: 0.22591 (9.0007e-06 - 9.6679e-04)	s: 0.409	v:     0
12:37:15 [App     ] 	12. f: 44.74365 (1.7827e-03)	g: 0.21565 (8.5921e-06 - 9.1741e-04)	s: 0.400	v:     0
12:37:17 [App     ] 	13. f: 44.77944 (1.7841e-03)	g: 0.20610 (8.2116e-06 - 8.7444e-04)	s: 0.392	v:     0
12:37:19 [App     ] 	14. f: 44.77704 (1.7840e-03)	g: 0.19811 (7.8931e-06 - 8.3597e-04)	s: 0.385	v:     0
12:37:20 [App     ] 	15. f: 44.81573 (1.7856e-03)	g: 0.18897 (7.5291e-06 - 8.0173e-04)	s: 0.377	v:     0
12:37:22 [App     ] 	16. f: 44.78910 (1.7845e-03)	g: 0.18044 (7.1892e-06 - 7.7056e-04)	s: 0.369	v:     0
12:37:24 [App     ] 	17. f: 44.82809 (1.7861e-03)	g: 0.17095 (6.8110e-06 - 7.4258e-04)	s: 0.362	v:     0
12:37:25 [App     ] 	18. f: 44.78803 (1.7845e-03)	g: 0.16296 (6.4927e-06 - 7.1753e-04)	s: 0.355	v:     0
12:37:27 [App     ] 	19. f: 44.84083 (1.7866e-03)	g: 0.15538 (6.1908e-06 - 6.9459e-04)	s: 0.348	v:     0
12:37:29 [App     ] 	20. f: 44.82080 (1.7858e-03)	g: 0.14867 (5.9232e-06 - 6.7428e-04)	s: 0.341	v:     0
12:37:30 [App     ] 	21. f: 44.87362 (1.7879e-03)	g: 0.14353 (5.7187e-06 - 6.5605e-04)	s: 0.334	v:     0
12:37:32 [App     ] 	22. f: 44.84790 (1.7868e-03)	g: 0.13740 (5.4745e-06 - 6.3853e-04)	s: 0.327	v:     0
12:37:34 [App     ] 	23. f: 44.88861 (1.7885e-03)	g: 0.13245 (5.2772e-06 - 6.2298e-04)	s: 0.321	v:     0
12:37:35 [App     ] 	24. f: 44.88686 (1.7884e-03)	g: 0.12783 (5.0929e-06 - 6.0838e-04)	s: 0.314	v:     0
12:37:37 [App     ] 	25. f: 44.93555 (1.7903e-03)	g: 0.12356 (4.9231e-06 - 5.9484e-04)	s: 0.308	v:     0
12:37:38 [App     ] 	26. f: 44.92588 (1.7899e-03)	g: 0.12123 (4.8302e-06 - 5.8344e-04)	s: 0.302	v:     0
12:37:40 [App     ] 	27. f: 44.95631 (1.7912e-03)	g: 0.11736 (4.6761e-06 - 5.7107e-04)	s: 0.296	v:     0
12:37:42 [App     ] 	28. f: 44.96193 (1.7914e-03)	g: 0.11452 (4.5628e-06 - 5.6037e-04)	s: 0.290	v:     0
12:37:43 [App     ] 	29. f: 44.97850 (1.7920e-03)	g: 0.11245 (4.4802e-06 - 5.5017e-04)	s: 0.284	v:     0
12:37:45 [App     ] 	30. f: 44.98806 (1.7924e-03)	g: 0.11009 (4.3864e-06 - 5.4065e-04)	s: 0.278	v:     0
12:37:47 [App     ] 	31. f: 45.01280 (1.7934e-03)	g: 0.10802 (4.3036e-06 - 5.3201e-04)	s: 0.273	v:     0
12:37:48 [App     ] 	32. f: 45.01186 (1.7934e-03)	g: 0.10708 (4.2664e-06 - 5.2475e-04)	s: 0.267	v:     0
12:37:50 [App     ] 	33. f: 45.02090 (1.7937e-03)	g: 0.09016 (3.5923e-06 - 4.4281e-04)	s: 0.262	v:     0
12:37:52 [App     ] 	34. f: 45.03286 (1.7942e-03)	g: 0.08864 (3.5316e-06 - 4.3578e-04)	s: 0.257	v:     0
12:37:53 [App     ] 	35. f: 45.04083 (1.7945e-03)	g: 0.08713 (3.4714e-06 - 4.2901e-04)	s: 0.252	v:     0
12:37:55 [App     ] 	36. f: 45.05235 (1.7950e-03)	g: 0.08606 (3.4288e-06 - 4.2330e-04)	s: 0.247	v:     0
12:37:57 [App     ] 	37. f: 45.04493 (1.7947e-03)	g: 0.08514 (3.3922e-06 - 4.1788e-04)	s: 0.242	v:     0
12:37:58 [App     ] 	38. f: 45.05519 (1.7951e-03)	g: 0.08407 (3.3496e-06 - 4.1248e-04)	s: 0.237	v:     0
12:38:00 [App     ] 	39. f: 45.06434 (1.7955e-03)	g: 0.08321 (3.3155e-06 - 4.0765e-04)	s: 0.232	v:     0
12:38:02 [App     ] 	40. f: 45.07789 (1.7960e-03)	g: 0.08209 (3.2706e-06 - 4.0271e-04)	s: 0.227	v:     0
12:38:03 [App     ] 	41. f: 45.08086 (1.7961e-03)	g: 0.08124 (3.2369e-06 - 3.9827e-04)	s: 0.223	v:     0
12:38:05 [App     ] 	42. f: 45.08533 (1.7963e-03)	g: 0.08043 (3.2043e-06 - 3.9392e-04)	s: 0.218	v:     0
12:38:07 [App     ] 	43. f: 45.06822 (1.7956e-03)	g: 0.07973 (3.1766e-06 - 3.8992e-04)	s: 0.214	v:     0
12:38:08 [App     ] 	44. f: 45.06828 (1.7956e-03)	g: 0.07884 (3.1413e-06 - 3.8549e-04)	s: 0.210	v:     0
12:38:10 [App     ] 	45. f: 45.07035 (1.7957e-03)	g: 0.07864 (3.1331e-06 - 3.8210e-04)	s: 0.206	v:     0
12:38:11 [App     ] Mesh subdivided: 25099/49925 -> 34619/68901 vertices/faces
12:38:17 [App     ] 	 1. f: 47.53232 (1.3730e-03)	g: 0.31798 (9.1853e-06 - 1.1210e-03)	s: 0.500	v:     0
12:38:22 [App     ] 	 2. f: 47.15141 (1.3620e-03)	g: 0.26975 (7.7920e-06 - 9.7107e-04)	s: 0.490	v:     0
12:38:28 [App     ] 	 3. f: 46.90309 (1.3548e-03)	g: 0.23056 (6.6600e-06 - 8.6164e-04)	s: 0.480	v:     0
12:38:34 [App     ] 	 4. f: 46.72287 (1.3496e-03)	g: 0.20064 (5.7956e-06 - 7.7352e-04)	s: 0.471	v:     0
12:38:40 [App     ] 	 5. f: 46.58369 (1.3456e-03)	g: 0.17743 (5.1253e-06 - 7.0136e-04)	s: 0.461	v:     0
12:38:46 [App     ] 	 6. f: 46.46660 (1.3422e-03)	g: 0.15994 (4.6199e-06 - 6.4230e-04)	s: 0.452	v:     0
12:38:52 [App     ] 	 7. f: 46.37558 (1.3396e-03)	g: 0.14839 (4.2863e-06 - 5.9492e-04)	s: 0.443	v:     0
12:38:57 [App     ] 	 8. f: 46.28547 (1.3370e-03)	g: 0.13893 (4.0132e-06 - 5.5490e-04)	s: 0.434	v:     0
12:39:03 [App     ] 	 9. f: 46.22761 (1.3353e-03)	g: 0.13386 (3.8667e-06 - 5.2029e-04)	s: 0.425	v:     0
12:39:09 [App     ] 	10. f: 46.16399 (1.3335e-03)	g: 0.12640 (3.6511e-06 - 4.9075e-04)	s: 0.417	v:     0
12:39:15 [App     ] 	11. f: 46.11655 (1.3321e-03)	g: 0.11824 (3.4155e-06 - 4.6468e-04)	s: 0.409	v:     0
12:39:21 [App     ] 	12. f: 46.05866 (1.3304e-03)	g: 0.11651 (3.3654e-06 - 4.4282e-04)	s: 0.400	v:     0
12:39:26 [App     ] 	13. f: 46.02729 (1.3295e-03)	g: 0.11617 (3.3557e-06 - 4.2382e-04)	s: 0.392	v:     0
12:39:32 [App     ] 	14. f: 45.97971 (1.3282e-03)	g: 0.10772 (3.1117e-06 - 4.0634e-04)	s: 0.385	v:     0
12:39:38 [App     ] 	15. f: 45.95750 (1.3275e-03)	g: 0.09824 (2.8376e-06 - 3.9030e-04)	s: 0.377	v:     0
12:39:44 [App     ] 	16. f: 45.92577 (1.3266e-03)	g: 0.09759 (2.8190e-06 - 3.7689e-04)	s: 0.369	v:     0
12:39:50 [App     ] 	17. f: 45.91164 (1.3262e-03)	g: 0.08851 (2.5567e-06 - 3.1577e-04)	s: 0.362	v:     0
12:39:56 [App     ] 	18. f: 45.88330 (1.3254e-03)	g: 0.08314 (2.4017e-06 - 3.0517e-04)	s: 0.355	v:     0
12:40:01 [App     ] 	19. f: 45.86726 (1.3249e-03)	g: 0.07850 (2.2676e-06 - 2.9555e-04)	s: 0.348	v:     0
12:40:07 [App     ] 	20. f: 45.84286 (1.3242e-03)	g: 0.07861 (2.2708e-06 - 2.8743e-04)	s: 0.341	v:     0
12:40:13 [App     ] 	21. f: 45.83612 (1.3240e-03)	g: 0.07928 (2.2900e-06 - 2.8068e-04)	s: 0.334	v:     0
12:40:19 [App     ] 	22. f: 45.81217 (1.3233e-03)	g: 0.07853 (2.2683e-06 - 2.7445e-04)	s: 0.327	v:     0
12:40:20 [App     ] Mesh subdivided: 34619/68901 -> 104058/207494 vertices/faces
12:40:44 [App     ] 	 1. f: 51.09006 (4.9098e-04)	g: 0.44856 (4.3107e-06 - 9.6389e-04)	s: 0.500	v:     0
12:41:08 [App     ] 	 2. f: 50.47203 (4.8504e-04)	g: 0.38357 (3.6861e-06 - 8.2763e-04)	s: 0.490	v:     0
12:41:33 [App     ] 	 3. f: 49.98323 (4.8034e-04)	g: 0.33244 (3.1948e-06 - 7.1836e-04)	s: 0.480	v:     0
12:41:56 [App     ] 	 4. f: 49.59458 (4.7661e-04)	g: 0.29067 (2.7933e-06 - 6.2889e-04)	s: 0.471	v:     0
12:42:20 [App     ] 	 5. f: 49.27397 (4.7352e-04)	g: 0.25594 (2.4596e-06 - 5.5494e-04)	s: 0.461	v:     0
12:42:43 [App     ] 	 6. f: 49.01350 (4.7102e-04)	g: 0.22712 (2.1826e-06 - 4.9333e-04)	s: 0.452	v:     0
12:43:07 [App     ] 	 7. f: 48.79713 (4.6894e-04)	g: 0.20313 (1.9521e-06 - 4.4174e-04)	s: 0.443	v:     0
12:43:31 [App     ] 	 8. f: 48.61882 (4.6723e-04)	g: 0.18273 (1.7560e-06 - 3.9807e-04)	s: 0.434	v:     0
12:43:55 [App     ] 	 9. f: 48.47051 (4.6580e-04)	g: 0.16595 (1.5948e-06 - 3.6129e-04)	s: 0.425	v:     0
12:44:19 [App     ] 	10. f: 48.34597 (4.6461e-04)	g: 0.15173 (1.4582e-06 - 3.2987e-04)	s: 0.417	v:     0
12:44:43 [App     ] 	11. f: 48.23889 (4.6358e-04)	g: 0.13965 (1.3420e-06 - 3.0296e-04)	s: 0.409	v:     0
12:45:07 [App     ] 	12. f: 48.15034 (4.6273e-04)	g: 0.12343 (1.1861e-06 - 2.6867e-04)	s: 0.400	v:     0
12:45:31 [App     ] 	13. f: 48.07440 (4.6200e-04)	g: 0.11430 (1.0984e-06 - 2.4842e-04)	s: 0.392	v:     0
12:45:55 [App     ] 	14. f: 48.01038 (4.6138e-04)	g: 0.10660 (1.0244e-06 - 2.3100e-04)	s: 0.385	v:     0
12:46:18 [App     ] 	15. f: 47.95427 (4.6084e-04)	g: 0.10032 (9.6410e-07 - 2.1594e-04)	s: 0.377	v:     0
12:46:18 [App     ] Mesh refinement completed: 104058 vertices, 207494 faces (9m39s893ms)
12:46:19 [App     ] Scene saved (117ms):
	42 images (42 calibrated)
	0 points, 104058 vertices, 207494 faces
12:46:19 [App     ] Mesh saved: 104058 vertices, 207494 faces (27ms)
12:46:19 [App     ] MEMORYINFO: {
12:46:19 [App     ] 	VmPeak:	 4491996 kB
12:46:19 [App     ] 	VmSize:	 3241896 kB
12:46:19 [App     ] } ENDINFO
